example/build/outputs/logs/manifest-merger-debug-report.txt
-- Merging decision tree log ---
manifest
ADDED from src\main\AndroidManifest.xml:2:1-80:12
	package
		ADDED from src\main\AndroidManifest.xml:3:5-53
		INJECTED from src\main\AndroidManifest.xml
		INJECTED from src\main\AndroidManifest.xml
	android:versionName
		INJECTED from src\main\AndroidManifest.xml
		INJECTED from src\main\AndroidManifest.xml
	xmlns:android
		ADDED from src\main\AndroidManifest.xml:2:11-69
	android:versionCode
		INJECTED from src\main\AndroidManifest.xml
		INJECTED from src\main\AndroidManifest.xml
uses-permission#android.permission.VIBRATE
ADDED from src\main\AndroidManifest.xml:5:5-66
	android:name
		ADDED from src\main\AndroidManifest.xml:5:22-63
uses-permission#android.permission.WRITE_EXTERNAL_STORAGE
ADDED from src\main\AndroidManifest.xml:6:5-81
	android:name
		ADDED from src\main\AndroidManifest.xml:6:22-78
uses-permission#android.permission.CAMERA
ADDED from src\main\AndroidManifest.xml:7:5-65
	android:name
		ADDED from src\main\AndroidManifest.xml:7:22-62
uses-permission#android.permission.ACCESS_FINE_LOCATION
ADDED from src\main\AndroidManifest.xml:8:5-79
	android:name
		ADDED from src\main\AndroidManifest.xml:8:22-76
application
ADDED from src\main\AndroidManifest.xml:10:5-78:19
MERGED from [Gogo:library:unspecified] AndroidManifest.xml:12:5-20
MERGED from [com.android.support:appcompat-v7:24.2.1] AndroidManifest.xml:25:5-20
MERGED from [com.android.support:support-v4:24.2.1] AndroidManifest.xml:25:5-20
MERGED from [com.android.support:support-compat:24.2.1] AndroidManifest.xml:25:5-20
MERGED from [com.android.support:support-media-compat:24.2.1] AndroidManifest.xml:25:5-20
MERGED from [com.android.support:support-core-utils:24.2.1] AndroidManifest.xml:25:5-20
MERGED from [com.android.support:support-core-ui:24.2.1] AndroidManifest.xml:25:5-20
MERGED from [com.android.support:support-fragment:24.2.1] AndroidManifest.xml:25:5-20
MERGED from [com.android.support:support-vector-drawable:24.2.1] AndroidManifest.xml:23:5-20
MERGED from [com.android.support:animated-vector-drawable:24.2.1] AndroidManifest.xml:22:5-20
	android:label
		ADDED from src\main\AndroidManifest.xml:13:9-41
	android:allowBackup
		ADDED from src\main\AndroidManifest.xml:11:9-35
	android:icon
		ADDED from src\main\AndroidManifest.xml:12:9-43
	android:theme
		ADDED from src\main\AndroidManifest.xml:14:9-40
activity#com.github.paolorotolo.appintroexample.MainActivity
ADDED from src\main\AndroidManifest.xml:15:9-24:20
	android:label
		ADDED from src\main\AndroidManifest.xml:17:13-45
	android:launchMode
		ADDED from src\main\AndroidManifest.xml:18:13-44
	android:name
		ADDED from src\main\AndroidManifest.xml:16:13-41
intent-filter#android.intent.action.MAIN+android.intent.category.LAUNCHER
ADDED from src\main\AndroidManifest.xml:19:13-23:29
action#android.intent.action.MAIN
ADDED from src\main\AndroidManifest.xml:20:17-69
	android:name
		ADDED from src\main\AndroidManifest.xml:20:25-66
category#android.intent.category.LAUNCHER
ADDED from src\main\AndroidManifest.xml:22:17-77
	android:name
		ADDED from src\main\AndroidManifest.xml:22:27-74
activity#com.github.paolorotolo.appintroexample.DefaultIntro
ADDED from src\main\AndroidManifest.xml:25:9-28:54
	android:label
		ADDED from src\main\AndroidManifest.xml:27:13-65
	android:theme
		ADDED from src\main\AndroidManifest.xml:28:13-51
	android:name
		ADDED from src\main\AndroidManifest.xml:26:13-41
activity#com.github.paolorotolo.appintroexample.CustomIntro
ADDED from src\main\AndroidManifest.xml:29:9-32:54
	android:label
		ADDED from src\main\AndroidManifest.xml:31:13-64
	android:theme
		ADDED from src\main\AndroidManifest.xml:32:13-51
	android:name
		ADDED from src\main\AndroidManifest.xml:30:13-40
activity#com.github.paolorotolo.appintroexample.PermissionsIntro
ADDED from src\main\AndroidManifest.xml:33:9-36:54
	android:label
		ADDED from src\main\AndroidManifest.xml:35:13-69
	android:theme
		ADDED from src\main\AndroidManifest.xml:36:13-51
	android:name
		ADDED from src\main\AndroidManifest.xml:34:13-45
activity#com.github.paolorotolo.appintroexample.PermissionsIntro2
ADDED from src\main\AndroidManifest.xml:37:9-40:54
	android:label
		ADDED from src\main\AndroidManifest.xml:39:13-69
	android:theme
		ADDED from src\main\AndroidManifest.xml:40:13-51
	android:name
		ADDED from src\main\AndroidManifest.xml:38:13-46
activity#com.github.paolorotolo.appintroexample.DefaultIntro2
ADDED from src\main\AndroidManifest.xml:41:9-44:54
	android:label
		ADDED from src\main\AndroidManifest.xml:43:13-64
	android:theme
		ADDED from src\main\AndroidManifest.xml:44:13-51
	android:name
		ADDED from src\main\AndroidManifest.xml:42:13-42
activity#com.github.paolorotolo.appintroexample.DisableSwipeIntro1
ADDED from src\main\AndroidManifest.xml:45:9-48:54
	android:label
		ADDED from src\main\AndroidManifest.xml:47:13-73
	android:theme
		ADDED from src\main\AndroidManifest.xml:48:13-51
	android:name
		ADDED from src\main\AndroidManifest.xml:46:13-47
activity#com.github.paolorotolo.appintroexample.DisableSwipeIntro2
ADDED from src\main\AndroidManifest.xml:49:9-52:54
	android:label
		ADDED from src\main\AndroidManifest.xml:51:13-72
	android:theme
		ADDED from src\main\AndroidManifest.xml:52:13-51
	android:name
		ADDED from src\main\AndroidManifest.xml:50:13-47
activity#com.github.paolorotolo.appintroexample.animations.CustomAnimation
ADDED from src\main\AndroidManifest.xml:53:9-64
	android:name
		ADDED from src\main\AndroidManifest.xml:53:19-61
activity#com.github.paolorotolo.appintroexample.animations.FadeAnimation
ADDED from src\main\AndroidManifest.xml:54:9-62
	android:name
		ADDED from src\main\AndroidManifest.xml:54:19-59
activity#com.github.paolorotolo.appintroexample.animations.ZoomAnimation
ADDED from src\main\AndroidManifest.xml:55:9-62
	android:name
		ADDED from src\main\AndroidManifest.xml:55:19-59
activity#com.github.paolorotolo.appintroexample.animations.DepthAnimation
ADDED from src\main\AndroidManifest.xml:56:9-63
	android:name
		ADDED from src\main\AndroidManifest.xml:56:19-60
activity#com.github.paolorotolo.appintroexample.animations.FlowAnimation
ADDED from src\main\AndroidManifest.xml:57:9-62
	android:name
		ADDED from src\main\AndroidManifest.xml:57:19-59
activity#com.github.paolorotolo.appintroexample.animations.SlideOverAnimation
ADDED from src\main\AndroidManifest.xml:58:9-67
	android:name
		ADDED from src\main\AndroidManifest.xml:58:19-64
activity#com.github.paolorotolo.appintroexample.animations.ColorAnimation
ADDED from src\main\AndroidManifest.xml:59:9-63
	android:name
		ADDED from src\main\AndroidManifest.xml:59:19-60
activity#com.github.paolorotolo.appintroexample.indicators.ProgressIndicator
ADDED from src\main\AndroidManifest.xml:60:9-66
	android:name
		ADDED from src\main\AndroidManifest.xml:60:19-63
activity#com.github.paolorotolo.appintroexample.indicators.CustomIndicator
ADDED from src\main\AndroidManifest.xml:61:9-64
	android:name
		ADDED from src\main\AndroidManifest.xml:61:19-61
activity#com.github.paolorotolo.appintroexample.indicators.CustomColorIndicator
ADDED from src\main\AndroidManifest.xml:62:9-69
	android:name
		ADDED from src\main\AndroidManifest.xml:62:19-66
activity#com.github.paolorotolo.appintroexample.IntroWithBackground
ADDED from src\main\AndroidManifest.xml:63:9-66:54
	android:label
		ADDED from src\main\AndroidManifest.xml:65:13-50
	android:theme
		ADDED from src\main\AndroidManifest.xml:66:13-51
	android:name
		ADDED from src\main\AndroidManifest.xml:64:13-48
activity#com.github.paolorotolo.appintroexample.IntroDemoPolicy
ADDED from src\main\AndroidManifest.xml:67:9-69:53
	android:theme
		ADDED from src\main\AndroidManifest.xml:69:13-51
	android:name
		ADDED from src\main\AndroidManifest.xml:68:13-44
activity#com.github.paolorotolo.appintroexample.CustomTypefaceActivity
ADDED from src\main\AndroidManifest.xml:70:9-72:54
	android:theme
		ADDED from src\main\AndroidManifest.xml:72:13-51
	android:name
		ADDED from src\main\AndroidManifest.xml:71:13-51
activity#com.github.paolorotolo.appintroexample.WizardActivity
ADDED from src\main\AndroidManifest.xml:74:9-76:54
	android:theme
		ADDED from src\main\AndroidManifest.xml:76:13-51
	android:name
		ADDED from src\main\AndroidManifest.xml:75:13-43
uses-sdk
INJECTED from src\main\AndroidManifest.xml reason: use-sdk injection requested
MERGED from [Gogo:library:unspecified] AndroidManifest.xml:8:5-10:41
MERGED from [com.android.support:appcompat-v7:24.2.1] AndroidManifest.xml:21:5-23:78
MERGED from [com.android.support:support-v4:24.2.1] AndroidManifest.xml:21:5-23:54
MERGED from [com.android.support:support-compat:24.2.1] AndroidManifest.xml:21:5-23:58
MERGED from [com.android.support:support-media-compat:24.2.1] AndroidManifest.xml:21:5-23:63
MERGED from [com.android.support:support-core-utils:24.2.1] AndroidManifest.xml:21:5-23:61
MERGED from [com.android.support:support-core-ui:24.2.1] AndroidManifest.xml:21:5-23:58
MERGED from [com.android.support:support-fragment:24.2.1] AndroidManifest.xml:21:5-23:60
MERGED from [com.android.support:support-vector-drawable:24.2.1] AndroidManifest.xml:21:5-43
MERGED from [com.android.support:animated-vector-drawable:24.2.1] AndroidManifest.xml:20:5-44
	tools:overrideLibrary
		ADDED from [com.android.support:appcompat-v7:24.2.1] AndroidManifest.xml:23:9-75
	android:targetSdkVersion
		INJECTED from src\main\AndroidManifest.xml
		INJECTED from src\main\AndroidManifest.xml
	android:minSdkVersion
		INJECTED from src\main\AndroidManifest.xml
		INJECTED from src\main\AndroidManifest.xml